<?xml version="1.0" encoding="UTF-8"?>
<testng-results ignored="0" total="3" passed="2" failed="1" skipped="0">
  <reporter-output>
  </reporter-output>
  <suite started-at="2022-08-24T15:32:49 IST" name="Default suite" finished-at="2022-08-24T15:33:12 IST" duration-ms="23269">
    <groups>
    </groups>
    <test started-at="2022-08-24T15:32:49 IST" name="Default test" finished-at="2022-08-24T15:33:12 IST" duration-ms="23269">
      <class name="base.Testmethod">
        <test-method is-config="true" signature="beforetest()[pri:0, instance:base.Testmethod@485966cc]" started-at="2022-08-24T15:32:49 IST" name="beforetest" finished-at="2022-08-24T15:32:53 IST" duration-ms="4097" status="PASS">
          <reporter-output>
          </reporter-output>
        </test-method> <!-- beforetest -->
        <test-method signature="facebooklogin()[pri:0, instance:base.Testmethod@485966cc]" started-at="2022-08-24T15:32:53 IST" name="facebooklogin" finished-at="2022-08-24T15:32:53 IST" duration-ms="15" status="FAIL">
          <exception class="java.lang.NullPointerException">
            <message>
              <![CDATA[Cannot invoke "org.openqa.selenium.WebDriver.findElement(org.openqa.selenium.By)" because "this.driver" is null]]>
            </message>
            <full-stacktrace>
              <![CDATA[java.lang.NullPointerException: Cannot invoke "org.openqa.selenium.WebDriver.findElement(org.openqa.selenium.By)" because "this.driver" is null
at base.Facebooklogin.facebook(Facebooklogin.java:16)
at base.Testmethod.facebooklogin(Testmethod.java:49)
at java.base/jdk.internal.reflect.DirectMethodHandleAccessor.invoke(DirectMethodHandleAccessor.java:104)
at java.base/java.lang.reflect.Method.invoke(Method.java:577)
at org.testng.internal.invokers.MethodInvocationHelper.invokeMethod(MethodInvocationHelper.java:139)
at org.testng.internal.invokers.TestInvoker.invokeMethod(TestInvoker.java:677)
at org.testng.internal.invokers.TestInvoker.invokeTestMethod(TestInvoker.java:221)
at org.testng.internal.invokers.MethodRunner.runInSequence(MethodRunner.java:50)
at org.testng.internal.invokers.TestInvoker$MethodInvocationAgent.invoke(TestInvoker.java:962)
at org.testng.internal.invokers.TestInvoker.invokeTestMethods(TestInvoker.java:194)
at org.testng.internal.invokers.TestMethodWorker.invokeTestMethods(TestMethodWorker.java:148)
at org.testng.internal.invokers.TestMethodWorker.run(TestMethodWorker.java:128)
at java.base/java.util.ArrayList.forEach(ArrayList.java:1511)
at org.testng.TestRunner.privateRun(TestRunner.java:806)
at org.testng.TestRunner.run(TestRunner.java:601)
at org.testng.SuiteRunner.runTest(SuiteRunner.java:433)
at org.testng.SuiteRunner.runSequentially(SuiteRunner.java:427)
at org.testng.SuiteRunner.privateRun(SuiteRunner.java:387)
at org.testng.SuiteRunner.run(SuiteRunner.java:330)
at org.testng.SuiteRunnerWorker.runSuite(SuiteRunnerWorker.java:52)
at org.testng.SuiteRunnerWorker.run(SuiteRunnerWorker.java:95)
at org.testng.TestNG.runSuitesSequentially(TestNG.java:1256)
at org.testng.TestNG.runSuitesLocally(TestNG.java:1176)
at org.testng.TestNG.runSuites(TestNG.java:1099)
at org.testng.TestNG.run(TestNG.java:1067)
at org.testng.remote.AbstractRemoteTestNG.run(AbstractRemoteTestNG.java:115)
at org.testng.remote.RemoteTestNG.initAndRun(RemoteTestNG.java:251)
at org.testng.remote.RemoteTestNG.main(RemoteTestNG.java:77)
]]>
            </full-stacktrace>
          </exception> <!-- java.lang.NullPointerException -->
          <reporter-output>
          </reporter-output>
        </test-method> <!-- facebooklogin -->
        <test-method signature="searchoption()[pri:0, instance:base.Testmethod@485966cc]" started-at="2022-08-24T15:32:53 IST" name="searchoption" finished-at="2022-08-24T15:32:56 IST" duration-ms="2592" status="PASS">
          <reporter-output>
          </reporter-output>
        </test-method> <!-- searchoption -->
        <test-method signature="verifyaccessfacebook()[pri:0, instance:base.Testmethod@485966cc]" started-at="2022-08-24T15:32:56 IST" name="verifyaccessfacebook" finished-at="2022-08-24T15:33:05 IST" duration-ms="9436" status="PASS">
          <reporter-output>
          </reporter-output>
        </test-method> <!-- verifyaccessfacebook -->
        <test-method is-config="true" signature="aftertest()[pri:0, instance:base.Testmethod@485966cc]" started-at="2022-08-24T15:33:05 IST" name="aftertest" finished-at="2022-08-24T15:33:12 IST" duration-ms="7079" status="PASS">
          <reporter-output>
          </reporter-output>
        </test-method> <!-- aftertest -->
      </class> <!-- base.Testmethod -->
    </test> <!-- Default test -->
  </suite> <!-- Default suite -->
</testng-results>
